Build started 6/15/2017 7:07:07 PM.
     1>Project "C:\Users\CongLy\Desktop\Final_Lab\Final_Lab\Final_Lab.vcxproj" on node 2 (Build target(s)).
     1>ClCompile:
         C:\Program Files (x86)\Microsoft Visual Studio 12.0\VC\bin\CL.exe /c /ZI /nologo /W3 /WX- /sdl /Od /Oy- /D _MBCS /Gm /EHsc /RTC1 /MDd /GS /fp:precise /Zc:wchar_t /Zc:forScope /Fo"Debug\\" /Fd"Debug\vc120.pdb" /Gd /TP /analyze- /errorReport:prompt Source.cpp
         Source.cpp
     1>c:\program files (x86)\microsoft visual studio 12.0\vc\include\xutility(2600): warning C4244: '=' : conversion from 'const double' to 'int', possible loss of data
                 c:\program files (x86)\microsoft visual studio 12.0\vc\include\xutility(2623) : see reference to function template instantiation 'void std::_Fill<_Iter,_Ty>(_FwdIt,_FwdIt,const _Ty &)' being compiled
                 with
                 [
                     _Iter=int *
         ,            _Ty=double
         ,            _FwdIt=int *
                 ]
                 c:\users\congly\desktop\final_lab\final_lab\source.cpp(39) : see reference to function template instantiation 'void std::fill<int*,double>(_FwdIt,_FwdIt,const _Ty &)' being compiled
                 with
                 [
                     _FwdIt=int *
         ,            _Ty=double
                 ]
       Link:
         C:\Program Files (x86)\Microsoft Visual Studio 12.0\VC\bin\link.exe /ERRORREPORT:PROMPT /OUT:"C:\Users\CongLy\Desktop\Final_Lab\Debug\Final_Lab.exe" /INCREMENTAL /NOLOGO kernel32.lib user32.lib gdi32.lib winspool.lib comdlg32.lib advapi32.lib shell32.lib ole32.lib oleaut32.lib uuid.lib odbc32.lib odbccp32.lib /MANIFEST /MANIFESTUAC:"level='asInvoker' uiAccess='false'" /manifest:embed /DEBUG /PDB:"C:\Users\CongLy\Desktop\Final_Lab\Debug\Final_Lab.pdb" /TLBID:1 /DYNAMICBASE /NXCOMPAT /IMPLIB:"C:\Users\CongLy\Desktop\Final_Lab\Debug\Final_Lab.lib" /MACHINE:X86 Debug\Source.obj
         Final_Lab.vcxproj -> C:\Users\CongLy\Desktop\Final_Lab\Debug\Final_Lab.exe
     1>Done Building Project "C:\Users\CongLy\Desktop\Final_Lab\Final_Lab\Final_Lab.vcxproj" (Build target(s)).

Build succeeded.

Time Elapsed 00:00:01.13
